[08-Aug-2024 04:15:56 UTC] PHP Warning:  Trying to access array offset on value of type bool in /Applications/XAMPP/xamppfiles/htdocs/wp.php on line 50
[08-Aug-2024 04:15:56 UTC] PHP Warning:  Undefined array key "limit" in /Applications/XAMPP/xamppfiles/htdocs/wp.php on line 52
[08-Aug-2024 04:15:56 UTC] PHP Warning:  Undefined array key "rest" in /Applications/XAMPP/xamppfiles/htdocs/wp.php on line 54
[08-Aug-2024 04:15:56 UTC] PHP Warning:  Undefined array key "limit" in /Applications/XAMPP/xamppfiles/htdocs/wp.php on line 58
[08-Aug-2024 04:15:56 UTC] PHP Warning:  Undefined array key "limit" in /Applications/XAMPP/xamppfiles/htdocs/wp.php on line 63
[08-Aug-2024 04:15:56 UTC] PHP Warning:  Undefined array key "rest" in /Applications/XAMPP/xamppfiles/htdocs/wp.php on line 54
[08-Aug-2024 04:15:56 UTC] PHP Warning:  Undefined array key "rest" in /Applications/XAMPP/xamppfiles/htdocs/wp.php on line 54
[08-Aug-2024 04:15:57 UTC] PHP Warning:  Trying to access array offset on value of type bool in /Applications/XAMPP/xamppfiles/htdocs/wp.php on line 50
[08-Aug-2024 04:15:57 UTC] PHP Warning:  Undefined array key "rest" in /Applications/XAMPP/xamppfiles/htdocs/wp.php on line 54
[08-Aug-2024 04:43:14 UTC] PHP Fatal error:  Uncaught TypeError: array_filter(): Argument #1 ($array) must be of type array, string given in /Applications/XAMPP/xamppfiles/htdocs/tools/connect-extra-images.php:23
Stack trace:
#0 /Applications/XAMPP/xamppfiles/htdocs/tools/connect-extra-images.php(23): array_filter('', Object(Closure))
#1 /Applications/XAMPP/xamppfiles/htdocs/tools/connect-extra-images.php(38): filter_array_by_string('', 'dj-abel-aguiler...')
#2 /Applications/XAMPP/xamppfiles/htdocs/tools/connect-extra-images.php(65): load_images(Array, '')
#3 {main}
  thrown in /Applications/XAMPP/xamppfiles/htdocs/tools/connect-extra-images.php on line 23
[08-Aug-2024 04:43:23 UTC] PHP Fatal error:  Uncaught TypeError: array_filter(): Argument #1 ($array) must be of type array, null given in /Applications/XAMPP/xamppfiles/htdocs/tools/connect-extra-images.php:23
Stack trace:
#0 /Applications/XAMPP/xamppfiles/htdocs/tools/connect-extra-images.php(23): array_filter(NULL, Object(Closure))
#1 /Applications/XAMPP/xamppfiles/htdocs/tools/connect-extra-images.php(38): filter_array_by_string(NULL, 'dj-abel-aguiler...')
#2 /Applications/XAMPP/xamppfiles/htdocs/tools/connect-extra-images.php(65): load_images(Array, NULL)
#3 {main}
  thrown in /Applications/XAMPP/xamppfiles/htdocs/tools/connect-extra-images.php on line 23
[08-Aug-2024 04:43:24 UTC] PHP Fatal error:  Uncaught TypeError: array_filter(): Argument #1 ($array) must be of type array, null given in /Applications/XAMPP/xamppfiles/htdocs/tools/connect-extra-images.php:23
Stack trace:
#0 /Applications/XAMPP/xamppfiles/htdocs/tools/connect-extra-images.php(23): array_filter(NULL, Object(Closure))
#1 /Applications/XAMPP/xamppfiles/htdocs/tools/connect-extra-images.php(38): filter_array_by_string(NULL, 'dj-abel-aguiler...')
#2 /Applications/XAMPP/xamppfiles/htdocs/tools/connect-extra-images.php(65): load_images(Array, NULL)
#3 {main}
  thrown in /Applications/XAMPP/xamppfiles/htdocs/tools/connect-extra-images.php on line 23
